00:05:12 [localhost-startStop-1] INFO  o.b.w.d.SpringWebApplicationInitializer - 
00:05:12 [localhost-startStop-1] INFO  o.b.w.d.SpringWebApplicationInitializer - d8888b.  .d88b.  d8b   db d888888b d888888b  .d8b.    .d8888.  .d88b.  d88888b d888888b
00:05:12 [localhost-startStop-1] INFO  o.b.w.d.SpringWebApplicationInitializer - 88  `8D .8P  Y8. 888o  88   `88'   `~~88~~' d8' `8b   88'  YP .8P  Y8. 88'     `~~88~~'
00:05:12 [localhost-startStop-1] INFO  o.b.w.d.SpringWebApplicationInitializer - 88oooY' 88    88 88V8o 88    88       88    88ooo88   `8bo.   88    88 88ooo      88  
00:05:12 [localhost-startStop-1] INFO  o.b.w.d.SpringWebApplicationInitializer - 88~~~b. 88    88 88 V8o88    88       88    88~~~88     `Y8b. 88    88 88~~~      88  
00:05:12 [localhost-startStop-1] INFO  o.b.w.d.SpringWebApplicationInitializer - 88   8D `8b  d8' 88  V888   .88.      88    88   88   db   8D `8b  d8' 88         88   
00:05:12 [localhost-startStop-1] INFO  o.b.w.d.SpringWebApplicationInitializer - Y8888P'  `Y88P'  VP   V8P Y888888P    YP    YP   YP   `8888Y'  `Y88P'  YP         YP   
00:05:12 [localhost-startStop-1] INFO  o.b.w.d.SpringWebApplicationInitializer - ====================================================================================================
00:05:12 [localhost-startStop-1] INFO  o.b.w.d.SpringWebApplicationInitializer - UI-DESIGNER : Community edition v.1.9.57
00:05:12 [localhost-startStop-1] INFO  o.b.w.d.SpringWebApplicationInitializer - ====================================================================================================
00:05:12 [localhost-startStop-1] INFO  o.s.w.c.ContextLoader - Root WebApplicationContext: initialization started
00:05:12 [localhost-startStop-1] INFO  o.b.w.d.c.DesignerConfigConditional - Conf loaded :  Community edition
00:05:13 [localhost-startStop-1] INFO  o.b.w.d.c.DesignerConfigConditional - Conf loaded :  Community edition
00:05:13 [localhost-startStop-1] INFO  o.b.w.d.c.DesignerConfigConditional - Conf loaded :  Community edition
00:05:13 [localhost-startStop-1] INFO  o.b.w.d.c.DesignerConfigConditional - Conf loaded :  Community edition
00:05:13 [localhost-startStop-1] INFO  o.b.w.d.c.DesignerConfigConditional - Conf loaded :  Community edition
00:05:13 [localhost-startStop-1] INFO  o.b.w.d.c.DesignerConfigConditional - Conf loaded :  Community edition
00:05:14 [localhost-startStop-1] INFO  o.h.v.i.u.Version - HV000001: Hibernate Validator 5.4.1.Final
00:05:14 [localhost-startStop-1] INFO  o.s.s.c.ThreadPoolTaskExecutor - Initializing ExecutorService 'clientInboundChannelExecutor'
00:05:14 [localhost-startStop-1] INFO  o.s.s.c.ThreadPoolTaskExecutor - Initializing ExecutorService 'clientOutboundChannelExecutor'
00:05:19 [localhost-startStop-1] INFO  o.b.w.d.c.WebMvcConfiguration - Adding welcome page: file:/home/wagner/wagnerdocri@gmail.com3/envs/env-dev/sources/SIN5009WithBonitasoft/.metadata/.plugins/org.bonitasoft.studio.designer/.extract/webapps/bonita/WEB-INF/classes/static/index.html
00:05:19 [localhost-startStop-1] INFO  o.s.s.c.ThreadPoolTaskScheduler - Initializing ExecutorService 'messageBrokerTaskScheduler'
00:05:19 [localhost-startStop-1] INFO  o.s.s.c.ThreadPoolTaskExecutor - Initializing ExecutorService 'brokerChannelExecutor'
00:05:19 [localhost-startStop-1] INFO  o.s.m.s.b.SimpleBrokerMessageHandler - Starting...
00:05:19 [localhost-startStop-1] INFO  o.s.m.s.b.SimpleBrokerMessageHandler - BrokerAvailabilityEvent[available=true, SimpleBrokerMessageHandler [DefaultSubscriptionRegistry[cache[0 destination(s)], registry[0 sessions]]]]
00:05:19 [localhost-startStop-1] INFO  o.s.m.s.b.SimpleBrokerMessageHandler - Started.
00:05:19 [localhost-startStop-1] INFO  o.s.w.c.ContextLoader - Root WebApplicationContext initialized in 6930 ms
00:05:19 [localhost-startStop-1] INFO  o.s.w.s.DispatcherServlet - Initializing Servlet 'dispatcher'
00:05:19 [localhost-startStop-1] INFO  o.s.w.s.DispatcherServlet - Completed initialization in 13 ms
00:06:19 [MessageBroker-1] INFO  o.s.w.s.c.WebSocketMessageBrokerStats - WebSocketSession[0 current WS(0)-HttpStream(0)-HttpPoll(0), 0 total, 0 closed abnormally (0 connect failure, 0 send limit, 0 transport error)], stompSubProtocol[processed CONNECT(0)-CONNECTED(0)-DISCONNECT(0)], stompBrokerRelay[null], inboundChannel[pool size = 0, active threads = 0, queued tasks = 0, completed tasks = 0], outboundChannel[pool size = 0, active threads = 0, queued tasks = 0, completed tasks = 0], sockJsScheduler[pool size = 4, active threads = 1, queued tasks = 1, completed tasks = 3]
00:36:19 [MessageBroker-1] INFO  o.s.w.s.c.WebSocketMessageBrokerStats - WebSocketSession[0 current WS(0)-HttpStream(0)-HttpPoll(0), 0 total, 0 closed abnormally (0 connect failure, 0 send limit, 0 transport error)], stompSubProtocol[processed CONNECT(0)-CONNECTED(0)-DISCONNECT(0)], stompBrokerRelay[null], inboundChannel[pool size = 0, active threads = 0, queued tasks = 0, completed tasks = 0], outboundChannel[pool size = 0, active threads = 0, queued tasks = 0, completed tasks = 0], sockJsScheduler[pool size = 4, active threads = 1, queued tasks = 1, completed tasks = 94]
01:06:19 [MessageBroker-1] INFO  o.s.w.s.c.WebSocketMessageBrokerStats - WebSocketSession[0 current WS(0)-HttpStream(0)-HttpPoll(0), 0 total, 0 closed abnormally (0 connect failure, 0 send limit, 0 transport error)], stompSubProtocol[processed CONNECT(0)-CONNECTED(0)-DISCONNECT(0)], stompBrokerRelay[null], inboundChannel[pool size = 0, active threads = 0, queued tasks = 0, completed tasks = 0], outboundChannel[pool size = 0, active threads = 0, queued tasks = 0, completed tasks = 0], sockJsScheduler[pool size = 4, active threads = 1, queued tasks = 1, completed tasks = 185]
01:36:19 [MessageBroker-3] INFO  o.s.w.s.c.WebSocketMessageBrokerStats - WebSocketSession[0 current WS(0)-HttpStream(0)-HttpPoll(0), 0 total, 0 closed abnormally (0 connect failure, 0 send limit, 0 transport error)], stompSubProtocol[processed CONNECT(0)-CONNECTED(0)-DISCONNECT(0)], stompBrokerRelay[null], inboundChannel[pool size = 0, active threads = 0, queued tasks = 0, completed tasks = 0], outboundChannel[pool size = 0, active threads = 0, queued tasks = 0, completed tasks = 0], sockJsScheduler[pool size = 4, active threads = 1, queued tasks = 1, completed tasks = 276]
02:06:19 [MessageBroker-1] INFO  o.s.w.s.c.WebSocketMessageBrokerStats - WebSocketSession[0 current WS(0)-HttpStream(0)-HttpPoll(0), 0 total, 0 closed abnormally (0 connect failure, 0 send limit, 0 transport error)], stompSubProtocol[processed CONNECT(0)-CONNECTED(0)-DISCONNECT(0)], stompBrokerRelay[null], inboundChannel[pool size = 0, active threads = 0, queued tasks = 0, completed tasks = 0], outboundChannel[pool size = 0, active threads = 0, queued tasks = 0, completed tasks = 0], sockJsScheduler[pool size = 4, active threads = 1, queued tasks = 1, completed tasks = 367]
02:36:19 [MessageBroker-2] INFO  o.s.w.s.c.WebSocketMessageBrokerStats - WebSocketSession[0 current WS(0)-HttpStream(0)-HttpPoll(0), 0 total, 0 closed abnormally (0 connect failure, 0 send limit, 0 transport error)], stompSubProtocol[processed CONNECT(0)-CONNECTED(0)-DISCONNECT(0)], stompBrokerRelay[null], inboundChannel[pool size = 0, active threads = 0, queued tasks = 0, completed tasks = 0], outboundChannel[pool size = 0, active threads = 0, queued tasks = 0, completed tasks = 0], sockJsScheduler[pool size = 4, active threads = 1, queued tasks = 1, completed tasks = 458]
03:02:17 [localhost-startStop-2] INFO  o.s.m.s.b.SimpleBrokerMessageHandler - Stopping...
03:02:18 [localhost-startStop-2] INFO  o.s.m.s.b.SimpleBrokerMessageHandler - BrokerAvailabilityEvent[available=false, SimpleBrokerMessageHandler [DefaultSubscriptionRegistry[cache[0 destination(s)], registry[0 sessions]]]]
03:02:18 [localhost-startStop-2] INFO  o.s.m.s.b.SimpleBrokerMessageHandler - Stopped.
03:02:18 [localhost-startStop-2] INFO  o.s.s.c.ThreadPoolTaskExecutor - Shutting down ExecutorService 'brokerChannelExecutor'
03:02:19 [localhost-startStop-2] INFO  o.s.s.c.ThreadPoolTaskScheduler - Shutting down ExecutorService 'messageBrokerTaskScheduler'
03:02:20 [localhost-startStop-2] INFO  o.s.s.c.ThreadPoolTaskExecutor - Shutting down ExecutorService 'clientOutboundChannelExecutor'
03:02:20 [localhost-startStop-2] INFO  o.s.s.c.ThreadPoolTaskExecutor - Shutting down ExecutorService 'clientInboundChannelExecutor'
